[debug] ----------------------------------------------------------------------
[debug] Command:      C:\Program Files\nodejs\node.exe C:\Users\adrtarde\AppData\Roaming\npm\node_modules\firebase-tools\bin\firebase serve
[debug] CLI Version:  3.0.4
[debug] Platform:     win32
[debug] Node Version: v4.4.2
[debug] Time:         Tue Jul 12 2016 18:58:53 GMT+0200 (Hora de verano romance)
[debug] ----------------------------------------------------------------------
[debug] 
[info] Starting Firebase development server...
[info] 
[warn] !  No Firebase project directory detected. Serving static content from C:\xampp\htdocs\practicajq
[info] 
[info] Server listening at: http://localhost:5000
[debug] ----------------------------------------------------------------------
[debug] Command:      D:\Programas\nodejs\node.exe C:\Users\PCCOM1\AppData\Roaming\npm\node_modules\firebase-tools\bin\firebase serve
[debug] CLI Version:  3.0.4
[debug] Platform:     win32
[debug] Node Version: v4.4.1
[debug] Time:         Sun Jul 17 2016 12:33:55 GMT+0200 (Hora de verano romance)
[debug] ----------------------------------------------------------------------
[debug] 
[info] Starting Firebase development server...
[info] 
[warn] !  No Firebase project directory detected. Serving static content from C:\xampp\htdocs\Prueba
[info] 
[info] Server listening at: http://localhost:5000
[debug] ----------------------------------------------------------------------
[debug] Command:      C:\Program Files\nodejs\node.exe C:\Users\adrtarde\AppData\Roaming\npm\node_modules\firebase-tools\bin\firebase serve
[debug] CLI Version:  3.0.4
[debug] Platform:     win32
[debug] Node Version: v4.4.2
[debug] Time:         Mon Jul 18 2016 15:27:03 GMT+0200 (Hora de verano romance)
[debug] ----------------------------------------------------------------------
[debug] 
[info] Starting Firebase development server...
[info] 
[warn] !  No Firebase project directory detected. Serving static content from C:\xampp\htdocs\Nueva carpeta
[info] 
[info] Server listening at: http://localhost:5000
[debug] ----------------------------------------------------------------------
[debug] Command:      C:\Program Files\nodejs\node.exe C:\Users\adrtarde\AppData\Roaming\npm\node_modules\firebase-tools\bin\firebase serve
[debug] CLI Version:  3.0.4
[debug] Platform:     win32
[debug] Node Version: v4.4.2
[debug] Time:         Mon Jul 18 2016 18:20:38 GMT+0200 (Hora de verano romance)
[debug] ----------------------------------------------------------------------
[debug] 
[info] Starting Firebase development server...
[info] 
[warn] !  No Firebase project directory detected. Serving static content from C:\xampp\htdocs\Nueva carpeta
[info] 
[info] Server listening at: http://localhost:5000
